2023-10-09 22:16:15 INFO [simple_kafka_example:23] server listening at http://127.0.0.1:8088
2023-10-09 22:16:15 INFO [actix_server::builder:240] starting 10 workers
2023-10-09 22:16:15 INFO [actix_server::server:196] Actix runtime found; starting in Actix runtime
2023-10-09 22:16:15 INFO [simple_kafka::kafka_producer:19] create kafka producer,brokers=localhost:9092
2023-10-09 22:16:15 INFO [simple_kafka::kafka_init:24] init producer done
2023-10-09 22:16:15 INFO [simple_kafka:61] register consumer: "test-topic"
2023-10-09 22:16:15 INFO [simple_kafka:84] creating consumer topic:test-topic 
2023-10-09 22:16:30 INFO [simple_kafka::kafka_producer:46] 发送kafka消息：partition:None, headers:None, key:"key", topic:test-topic, msg:测试下kafka消息1111
2023-10-09 22:16:31 INFO [simple_kafka:106] kafka consumer message. message = [Message { ptr: 0x1547068e8 }]
2023-10-09 22:16:31 INFO [simple_kafka:163] partition = 0, offset = 1618 message : "测试下kafka消息1111"
2023-10-09 22:16:47 INFO [actix_server::server:319] SIGINT received; starting forced shutdown
2023-10-09 22:16:47 INFO [actix_server::worker:595] shutting down idle worker
2023-10-09 22:16:47 INFO [actix_server::worker:595] shutting down idle worker
2023-10-09 22:16:47 INFO [actix_server::worker:595] shutting down idle worker
2023-10-09 22:16:47 INFO [actix_server::worker:595] shutting down idle worker
2023-10-09 22:16:47 INFO [actix_server::worker:595] shutting down idle worker
2023-10-09 22:16:47 INFO [actix_server::accept:143] accept thread stopped
2023-10-09 22:16:47 INFO [actix_server::worker:595] shutting down idle worker
2023-10-09 22:16:47 INFO [actix_server::worker:595] shutting down idle worker
2023-10-09 22:16:47 INFO [actix_server::worker:595] shutting down idle worker
2023-10-09 22:16:47 INFO [actix_server::worker:595] shutting down idle worker
2023-10-09 22:16:47 INFO [actix_server::worker:595] shutting down idle worker
